2021-11-19 00:35:37 [SpringApplicationShutdownHook] INFO  c.alibaba.druid.pool.DruidDataSource - {dataSource-1} closing ...
2021-11-19 00:35:37 [SpringApplicationShutdownHook] INFO  c.alibaba.druid.pool.DruidDataSource - {dataSource-1} closed
2021-11-19 00:35:55 [background-preinit] INFO  o.h.validator.internal.util.Version - HV000001: Hibernate Validator 6.2.0.Final
2021-11-19 00:35:55 [main] INFO  c.y.m.MultiExportApplication - Starting MultiExportApplication using Java 1.8.0_291 on YUBJ1701 with PID 2062056 (C:\Users\yubj17\Documents\szxc_backend-master-ab79073197d66758cd890c6e84ebaac1d0f6efe1\multi-export\target\classes started by yubj17 in C:\Users\yubj17\Documents\szxc_backend-master-ab79073197d66758cd890c6e84ebaac1d0f6efe1\multi-export)
2021-11-19 00:35:55 [main] INFO  c.y.m.MultiExportApplication - No active profile set, falling back to default profiles: default
2021-11-19 00:35:57 [main] INFO  o.a.coyote.http11.Http11NioProtocol - Initializing ProtocolHandler ["http-nio-10088"]
2021-11-19 00:35:57 [main] INFO  o.a.catalina.core.StandardService - Starting service [Tomcat]
2021-11-19 00:35:57 [main] INFO  o.a.catalina.core.StandardEngine - Starting Servlet engine: [Apache Tomcat/9.0.54]
2021-11-19 00:35:57 [main] INFO  o.a.c.c.C.[Tomcat].[localhost].[/] - Initializing Spring embedded WebApplicationContext
2021-11-19 00:35:59 [main] INFO  s.d.s.w.PropertySourcedRequestMappingHandlerMapping - Mapped URL path [/v2/api-docs] onto method [springfox.documentation.swagger2.web.Swagger2Controller#getDocumentation(String, HttpServletRequest)]
2021-11-19 00:36:00 [main] INFO  o.a.coyote.http11.Http11NioProtocol - Starting ProtocolHandler ["http-nio-10088"]
2021-11-19 00:36:00 [main] INFO  s.d.s.w.p.DocumentationPluginsBootstrapper - Context refreshed
2021-11-19 00:36:00 [main] INFO  s.d.s.w.p.DocumentationPluginsBootstrapper - Found 1 custom documentation plugin(s)
2021-11-19 00:36:00 [main] INFO  s.d.s.w.s.ApiListingReferenceScanner - Scanning for api listing references
2021-11-19 00:36:00 [main] INFO  c.y.m.MultiExportApplication - Started MultiExportApplication in 6.505 seconds (JVM running for 8.169)
2021-11-19 00:37:24 [http-nio-10088-exec-1] INFO  o.a.c.c.C.[Tomcat].[localhost].[/] - Initializing Spring DispatcherServlet 'dispatcherServlet'
2021-11-19 00:37:25 [http-nio-10088-exec-1] INFO  c.alibaba.druid.pool.DruidDataSource - {dataSource-1} inited
2021-11-19 01:03:09 [SpringApplicationShutdownHook] INFO  c.alibaba.druid.pool.DruidDataSource - {dataSource-1} closing ...
2021-11-19 01:03:09 [SpringApplicationShutdownHook] INFO  c.alibaba.druid.pool.DruidDataSource - {dataSource-1} closed
2021-11-19 01:03:24 [background-preinit] INFO  o.h.validator.internal.util.Version - HV000001: Hibernate Validator 6.2.0.Final
2021-11-19 01:03:24 [main] INFO  c.y.m.MultiExportApplication - Starting MultiExportApplication using Java 1.8.0_291 on YUBJ1701 with PID 2110552 (C:\Users\yubj17\Documents\szxc_backend-master-ab79073197d66758cd890c6e84ebaac1d0f6efe1\multi-export\target\classes started by yubj17 in C:\Users\yubj17\Documents\szxc_backend-master-ab79073197d66758cd890c6e84ebaac1d0f6efe1\multi-export)
2021-11-19 01:03:24 [main] INFO  c.y.m.MultiExportApplication - No active profile set, falling back to default profiles: default
2021-11-19 01:03:27 [main] INFO  o.a.coyote.http11.Http11NioProtocol - Initializing ProtocolHandler ["http-nio-10088"]
2021-11-19 01:03:27 [main] INFO  o.a.catalina.core.StandardService - Starting service [Tomcat]
2021-11-19 01:03:27 [main] INFO  o.a.catalina.core.StandardEngine - Starting Servlet engine: [Apache Tomcat/9.0.54]
2021-11-19 01:03:27 [main] INFO  o.a.c.c.C.[Tomcat].[localhost].[/] - Initializing Spring embedded WebApplicationContext
2021-11-19 01:03:29 [main] INFO  s.d.s.w.PropertySourcedRequestMappingHandlerMapping - Mapped URL path [/v2/api-docs] onto method [springfox.documentation.swagger2.web.Swagger2Controller#getDocumentation(String, HttpServletRequest)]
2021-11-19 01:03:29 [main] INFO  o.a.coyote.http11.Http11NioProtocol - Starting ProtocolHandler ["http-nio-10088"]
2021-11-19 01:03:29 [main] INFO  s.d.s.w.p.DocumentationPluginsBootstrapper - Context refreshed
2021-11-19 01:03:29 [main] INFO  s.d.s.w.p.DocumentationPluginsBootstrapper - Found 1 custom documentation plugin(s)
2021-11-19 01:03:29 [main] INFO  s.d.s.w.s.ApiListingReferenceScanner - Scanning for api listing references
2021-11-19 01:03:30 [main] INFO  c.y.m.MultiExportApplication - Started MultiExportApplication in 6.961 seconds (JVM running for 8.727)
2021-11-19 01:03:42 [http-nio-10088-exec-1] INFO  o.a.c.c.C.[Tomcat].[localhost].[/] - Initializing Spring DispatcherServlet 'dispatcherServlet'
2021-11-19 01:03:42 [http-nio-10088-exec-1] INFO  c.alibaba.druid.pool.DruidDataSource - {dataSource-1} inited
2021-11-19 10:11:39 [SpringApplicationShutdownHook] INFO  c.alibaba.druid.pool.DruidDataSource - {dataSource-1} closing ...
2021-11-19 10:11:39 [SpringApplicationShutdownHook] INFO  c.alibaba.druid.pool.DruidDataSource - {dataSource-1} closed
2021-11-19 11:43:56 [background-preinit] INFO  o.h.validator.internal.util.Version - HV000001: Hibernate Validator 6.2.0.Final
2021-11-19 11:43:56 [main] INFO  c.y.m.MultiExportApplication - Starting MultiExportApplication using Java 1.8.0_291 on YUBJ1701 with PID 2893428 (C:\Users\yubj17\Documents\szxc_backend-master-ab79073197d66758cd890c6e84ebaac1d0f6efe1\multi-export\target\classes started by yubj17 in C:\Users\yubj17\Documents\szxc_backend-master-ab79073197d66758cd890c6e84ebaac1d0f6efe1\multi-export)
2021-11-19 11:43:56 [main] INFO  c.y.m.MultiExportApplication - No active profile set, falling back to default profiles: default
2021-11-19 11:44:00 [main] INFO  o.a.coyote.http11.Http11NioProtocol - Initializing ProtocolHandler ["http-nio-10088"]
2021-11-19 11:44:00 [main] INFO  o.a.catalina.core.StandardService - Starting service [Tomcat]
2021-11-19 11:44:00 [main] INFO  o.a.catalina.core.StandardEngine - Starting Servlet engine: [Apache Tomcat/9.0.54]
2021-11-19 11:44:00 [main] INFO  o.a.c.c.C.[Tomcat].[localhost].[/] - Initializing Spring embedded WebApplicationContext
2021-11-19 11:44:02 [main] INFO  s.d.s.w.PropertySourcedRequestMappingHandlerMapping - Mapped URL path [/v2/api-docs] onto method [springfox.documentation.swagger2.web.Swagger2Controller#getDocumentation(String, HttpServletRequest)]
2021-11-19 11:44:02 [main] INFO  o.a.coyote.http11.Http11NioProtocol - Starting ProtocolHandler ["http-nio-10088"]
2021-11-19 11:44:02 [main] INFO  s.d.s.w.p.DocumentationPluginsBootstrapper - Context refreshed
2021-11-19 11:44:02 [main] INFO  s.d.s.w.p.DocumentationPluginsBootstrapper - Found 1 custom documentation plugin(s)
2021-11-19 11:44:03 [main] INFO  s.d.s.w.s.ApiListingReferenceScanner - Scanning for api listing references
2021-11-19 11:44:03 [main] INFO  c.y.m.MultiExportApplication - Started MultiExportApplication in 7.334 seconds (JVM running for 9.277)
2021-11-19 13:59:49 [http-nio-10088-exec-1] INFO  o.a.c.c.C.[Tomcat].[localhost].[/] - Initializing Spring DispatcherServlet 'dispatcherServlet'
2021-11-19 13:59:50 [http-nio-10088-exec-1] INFO  c.alibaba.druid.pool.DruidDataSource - {dataSource-1} inited
2021-11-19 14:06:39 [SpringApplicationShutdownHook] INFO  c.alibaba.druid.pool.DruidDataSource - {dataSource-1} closing ...
2021-11-19 14:06:39 [SpringApplicationShutdownHook] INFO  c.alibaba.druid.pool.DruidDataSource - {dataSource-1} closed
2021-11-19 14:06:54 [background-preinit] INFO  o.h.validator.internal.util.Version - HV000001: Hibernate Validator 6.2.0.Final
2021-11-19 14:06:54 [main] INFO  c.y.m.MultiExportApplication - Starting MultiExportApplication using Java 1.8.0_291 on YUBJ1701 with PID 3053148 (C:\Users\yubj17\Documents\szxc_backend-master-ab79073197d66758cd890c6e84ebaac1d0f6efe1\multi-export\target\classes started by yubj17 in C:\Users\yubj17\Documents\szxc_backend-master-ab79073197d66758cd890c6e84ebaac1d0f6efe1\multi-export)
2021-11-19 14:06:54 [main] INFO  c.y.m.MultiExportApplication - No active profile set, falling back to default profiles: default
2021-11-19 14:06:57 [main] INFO  o.a.coyote.http11.Http11NioProtocol - Initializing ProtocolHandler ["http-nio-10088"]
2021-11-19 14:06:57 [main] INFO  o.a.catalina.core.StandardService - Starting service [Tomcat]
2021-11-19 14:06:57 [main] INFO  o.a.catalina.core.StandardEngine - Starting Servlet engine: [Apache Tomcat/9.0.54]
2021-11-19 14:06:57 [main] INFO  o.a.c.c.C.[Tomcat].[localhost].[/] - Initializing Spring embedded WebApplicationContext
2021-11-19 14:06:59 [main] INFO  s.d.s.w.PropertySourcedRequestMappingHandlerMapping - Mapped URL path [/v2/api-docs] onto method [springfox.documentation.swagger2.web.Swagger2Controller#getDocumentation(String, HttpServletRequest)]
2021-11-19 14:06:59 [main] INFO  o.a.coyote.http11.Http11NioProtocol - Starting ProtocolHandler ["http-nio-10088"]
2021-11-19 14:06:59 [main] INFO  s.d.s.w.p.DocumentationPluginsBootstrapper - Context refreshed
2021-11-19 14:06:59 [main] INFO  s.d.s.w.p.DocumentationPluginsBootstrapper - Found 1 custom documentation plugin(s)
2021-11-19 14:06:59 [main] INFO  s.d.s.w.s.ApiListingReferenceScanner - Scanning for api listing references
2021-11-19 14:07:00 [main] INFO  c.y.m.MultiExportApplication - Started MultiExportApplication in 6.669 seconds (JVM running for 8.31)
2021-11-19 14:07:40 [http-nio-10088-exec-1] INFO  o.a.c.c.C.[Tomcat].[localhost].[/] - Initializing Spring DispatcherServlet 'dispatcherServlet'
2021-11-19 14:07:41 [http-nio-10088-exec-1] INFO  c.alibaba.druid.pool.DruidDataSource - {dataSource-1} inited
2021-11-19 14:10:58 [SpringApplicationShutdownHook] INFO  c.alibaba.druid.pool.DruidDataSource - {dataSource-1} closing ...
2021-11-19 14:10:58 [SpringApplicationShutdownHook] INFO  c.alibaba.druid.pool.DruidDataSource - {dataSource-1} closed
2021-11-19 14:11:11 [background-preinit] INFO  o.h.validator.internal.util.Version - HV000001: Hibernate Validator 6.2.0.Final
2021-11-19 14:11:11 [main] INFO  c.y.m.MultiExportApplication - Starting MultiExportApplication using Java 1.8.0_291 on YUBJ1701 with PID 3059416 (C:\Users\yubj17\Documents\szxc_backend-master-ab79073197d66758cd890c6e84ebaac1d0f6efe1\multi-export\target\classes started by yubj17 in C:\Users\yubj17\Documents\szxc_backend-master-ab79073197d66758cd890c6e84ebaac1d0f6efe1\multi-export)
2021-11-19 14:11:11 [main] INFO  c.y.m.MultiExportApplication - No active profile set, falling back to default profiles: default
2021-11-19 14:11:13 [main] INFO  o.a.coyote.http11.Http11NioProtocol - Initializing ProtocolHandler ["http-nio-10088"]
2021-11-19 14:11:13 [main] INFO  o.a.catalina.core.StandardService - Starting service [Tomcat]
2021-11-19 14:11:13 [main] INFO  o.a.catalina.core.StandardEngine - Starting Servlet engine: [Apache Tomcat/9.0.54]
2021-11-19 14:11:13 [main] INFO  o.a.c.c.C.[Tomcat].[localhost].[/] - Initializing Spring embedded WebApplicationContext
2021-11-19 14:11:15 [main] INFO  s.d.s.w.PropertySourcedRequestMappingHandlerMapping - Mapped URL path [/v2/api-docs] onto method [springfox.documentation.swagger2.web.Swagger2Controller#getDocumentation(String, HttpServletRequest)]
2021-11-19 14:11:16 [main] INFO  o.a.coyote.http11.Http11NioProtocol - Starting ProtocolHandler ["http-nio-10088"]
2021-11-19 14:11:16 [main] INFO  s.d.s.w.p.DocumentationPluginsBootstrapper - Context refreshed
2021-11-19 14:11:16 [main] INFO  s.d.s.w.p.DocumentationPluginsBootstrapper - Found 1 custom documentation plugin(s)
2021-11-19 14:11:16 [main] INFO  s.d.s.w.s.ApiListingReferenceScanner - Scanning for api listing references
2021-11-19 14:11:16 [main] INFO  c.y.m.MultiExportApplication - Started MultiExportApplication in 6.745 seconds (JVM running for 8.612)
2021-11-19 14:11:40 [http-nio-10088-exec-1] INFO  o.a.c.c.C.[Tomcat].[localhost].[/] - Initializing Spring DispatcherServlet 'dispatcherServlet'
2021-11-19 14:11:40 [http-nio-10088-exec-1] INFO  c.alibaba.druid.pool.DruidDataSource - {dataSource-1} inited
2021-11-19 14:30:02 [SpringApplicationShutdownHook] INFO  c.alibaba.druid.pool.DruidDataSource - {dataSource-1} closing ...
2021-11-19 14:30:02 [SpringApplicationShutdownHook] INFO  c.alibaba.druid.pool.DruidDataSource - {dataSource-1} closed
2021-11-19 14:30:29 [background-preinit] INFO  o.h.validator.internal.util.Version - HV000001: Hibernate Validator 6.2.0.Final
2021-11-19 14:30:29 [main] INFO  c.y.m.MultiExportApplication - Starting MultiExportApplication using Java 1.8.0_291 on YUBJ1701 with PID 3088940 (C:\Users\yubj17\Documents\szxc_backend-master-ab79073197d66758cd890c6e84ebaac1d0f6efe1\multi-export\target\classes started by yubj17 in C:\Users\yubj17\Documents\szxc_backend-master-ab79073197d66758cd890c6e84ebaac1d0f6efe1\multi-export)
2021-11-19 14:30:29 [main] INFO  c.y.m.MultiExportApplication - No active profile set, falling back to default profiles: default
2021-11-19 14:30:35 [main] INFO  o.a.coyote.http11.Http11NioProtocol - Initializing ProtocolHandler ["http-nio-10088"]
2021-11-19 14:30:35 [main] INFO  o.a.catalina.core.StandardService - Starting service [Tomcat]
2021-11-19 14:30:35 [main] INFO  o.a.catalina.core.StandardEngine - Starting Servlet engine: [Apache Tomcat/9.0.54]
2021-11-19 14:30:35 [main] INFO  o.a.c.c.C.[Tomcat].[localhost].[/] - Initializing Spring embedded WebApplicationContext
2021-11-19 14:30:38 [main] INFO  s.d.s.w.PropertySourcedRequestMappingHandlerMapping - Mapped URL path [/v2/api-docs] onto method [springfox.documentation.swagger2.web.Swagger2Controller#getDocumentation(String, HttpServletRequest)]
2021-11-19 14:30:39 [main] INFO  o.a.coyote.http11.Http11NioProtocol - Starting ProtocolHandler ["http-nio-10088"]
2021-11-19 14:30:39 [main] INFO  s.d.s.w.p.DocumentationPluginsBootstrapper - Context refreshed
2021-11-19 14:30:40 [main] INFO  s.d.s.w.p.DocumentationPluginsBootstrapper - Found 1 custom documentation plugin(s)
2021-11-19 14:30:40 [main] INFO  s.d.s.w.s.ApiListingReferenceScanner - Scanning for api listing references
2021-11-19 14:30:40 [main] INFO  c.y.m.MultiExportApplication - Started MultiExportApplication in 13.367 seconds (JVM running for 18.948)
2021-11-19 14:53:17 [SpringApplicationShutdownHook] INFO  c.alibaba.druid.pool.DruidDataSource - {dataSource-0} closing ...
2021-11-19 14:53:29 [background-preinit] INFO  o.h.validator.internal.util.Version - HV000001: Hibernate Validator 6.2.0.Final
2021-11-19 14:53:29 [main] INFO  c.y.m.MultiExportApplication - Starting MultiExportApplication using Java 1.8.0_291 on YUBJ1701 with PID 3120996 (C:\Users\yubj17\Documents\szxc_backend-master-ab79073197d66758cd890c6e84ebaac1d0f6efe1\multi-export\target\classes started by yubj17 in C:\Users\yubj17\Documents\szxc_backend-master-ab79073197d66758cd890c6e84ebaac1d0f6efe1\multi-export)
2021-11-19 14:53:29 [main] INFO  c.y.m.MultiExportApplication - No active profile set, falling back to default profiles: default
2021-11-19 14:53:32 [main] INFO  o.a.coyote.http11.Http11NioProtocol - Initializing ProtocolHandler ["http-nio-10088"]
2021-11-19 14:53:32 [main] INFO  o.a.catalina.core.StandardService - Starting service [Tomcat]
2021-11-19 14:53:32 [main] INFO  o.a.catalina.core.StandardEngine - Starting Servlet engine: [Apache Tomcat/9.0.54]
2021-11-19 14:53:32 [main] INFO  o.a.c.c.C.[Tomcat].[localhost].[/] - Initializing Spring embedded WebApplicationContext
2021-11-19 14:53:34 [main] INFO  s.d.s.w.PropertySourcedRequestMappingHandlerMapping - Mapped URL path [/v2/api-docs] onto method [springfox.documentation.swagger2.web.Swagger2Controller#getDocumentation(String, HttpServletRequest)]
2021-11-19 14:53:34 [main] INFO  o.a.coyote.http11.Http11NioProtocol - Starting ProtocolHandler ["http-nio-10088"]
2021-11-19 14:53:35 [main] INFO  s.d.s.w.p.DocumentationPluginsBootstrapper - Context refreshed
2021-11-19 14:53:35 [main] INFO  s.d.s.w.p.DocumentationPluginsBootstrapper - Found 1 custom documentation plugin(s)
2021-11-19 14:53:35 [main] INFO  s.d.s.w.s.ApiListingReferenceScanner - Scanning for api listing references
2021-11-19 14:53:35 [main] INFO  c.y.m.MultiExportApplication - Started MultiExportApplication in 6.484 seconds (JVM running for 8.162)
2021-11-19 14:53:47 [http-nio-10088-exec-1] INFO  o.a.c.c.C.[Tomcat].[localhost].[/] - Initializing Spring DispatcherServlet 'dispatcherServlet'
2021-11-19 14:53:48 [http-nio-10088-exec-1] INFO  c.alibaba.druid.pool.DruidDataSource - {dataSource-1} inited
2021-11-19 15:01:03 [SpringApplicationShutdownHook] INFO  c.alibaba.druid.pool.DruidDataSource - {dataSource-1} closing ...
2021-11-19 15:01:03 [SpringApplicationShutdownHook] INFO  c.alibaba.druid.pool.DruidDataSource - {dataSource-1} closed
2021-11-19 15:01:19 [background-preinit] INFO  o.h.validator.internal.util.Version - HV000001: Hibernate Validator 6.2.0.Final
2021-11-19 15:01:19 [main] INFO  c.y.m.MultiExportApplication - Starting MultiExportApplication using Java 1.8.0_291 on YUBJ1701 with PID 3135596 (C:\Users\yubj17\Documents\szxc_backend-master-ab79073197d66758cd890c6e84ebaac1d0f6efe1\multi-export\target\classes started by yubj17 in C:\Users\yubj17\Documents\szxc_backend-master-ab79073197d66758cd890c6e84ebaac1d0f6efe1\multi-export)
2021-11-19 15:01:19 [main] INFO  c.y.m.MultiExportApplication - No active profile set, falling back to default profiles: default
2021-11-19 15:01:22 [main] INFO  o.a.coyote.http11.Http11NioProtocol - Initializing ProtocolHandler ["http-nio-10088"]
2021-11-19 15:01:22 [main] INFO  o.a.catalina.core.StandardService - Starting service [Tomcat]
2021-11-19 15:01:22 [main] INFO  o.a.catalina.core.StandardEngine - Starting Servlet engine: [Apache Tomcat/9.0.54]
2021-11-19 15:01:22 [main] INFO  o.a.c.c.C.[Tomcat].[localhost].[/] - Initializing Spring embedded WebApplicationContext
2021-11-19 15:01:24 [main] INFO  s.d.s.w.PropertySourcedRequestMappingHandlerMapping - Mapped URL path [/v2/api-docs] onto method [springfox.documentation.swagger2.web.Swagger2Controller#getDocumentation(String, HttpServletRequest)]
2021-11-19 15:01:24 [main] INFO  o.a.coyote.http11.Http11NioProtocol - Starting ProtocolHandler ["http-nio-10088"]
2021-11-19 15:01:24 [main] INFO  s.d.s.w.p.DocumentationPluginsBootstrapper - Context refreshed
2021-11-19 15:01:24 [main] INFO  s.d.s.w.p.DocumentationPluginsBootstrapper - Found 1 custom documentation plugin(s)
2021-11-19 15:01:25 [main] INFO  s.d.s.w.s.ApiListingReferenceScanner - Scanning for api listing references
2021-11-19 15:01:25 [main] INFO  c.y.m.MultiExportApplication - Started MultiExportApplication in 6.747 seconds (JVM running for 8.643)
2021-11-19 15:02:36 [http-nio-10088-exec-1] INFO  o.a.c.c.C.[Tomcat].[localhost].[/] - Initializing Spring DispatcherServlet 'dispatcherServlet'
2021-11-19 15:02:36 [http-nio-10088-exec-1] INFO  c.alibaba.druid.pool.DruidDataSource - {dataSource-1} inited
2021-11-19 15:06:35 [SpringApplicationShutdownHook] INFO  c.alibaba.druid.pool.DruidDataSource - {dataSource-1} closing ...
2021-11-19 15:06:35 [SpringApplicationShutdownHook] INFO  c.alibaba.druid.pool.DruidDataSource - {dataSource-1} closed
2021-11-19 15:06:49 [background-preinit] INFO  o.h.validator.internal.util.Version - HV000001: Hibernate Validator 6.2.0.Final
2021-11-19 15:06:49 [main] INFO  c.y.m.MultiExportApplication - Starting MultiExportApplication using Java 1.8.0_291 on YUBJ1701 with PID 3147264 (C:\Users\yubj17\Documents\szxc_backend-master-ab79073197d66758cd890c6e84ebaac1d0f6efe1\multi-export\target\classes started by yubj17 in C:\Users\yubj17\Documents\szxc_backend-master-ab79073197d66758cd890c6e84ebaac1d0f6efe1\multi-export)
2021-11-19 15:06:49 [main] INFO  c.y.m.MultiExportApplication - No active profile set, falling back to default profiles: default
2021-11-19 15:06:52 [main] INFO  o.a.coyote.http11.Http11NioProtocol - Initializing ProtocolHandler ["http-nio-10088"]
2021-11-19 15:06:52 [main] INFO  o.a.catalina.core.StandardService - Starting service [Tomcat]
2021-11-19 15:06:52 [main] INFO  o.a.catalina.core.StandardEngine - Starting Servlet engine: [Apache Tomcat/9.0.54]
2021-11-19 15:06:52 [main] INFO  o.a.c.c.C.[Tomcat].[localhost].[/] - Initializing Spring embedded WebApplicationContext
2021-11-19 15:06:54 [main] INFO  s.d.s.w.PropertySourcedRequestMappingHandlerMapping - Mapped URL path [/v2/api-docs] onto method [springfox.documentation.swagger2.web.Swagger2Controller#getDocumentation(String, HttpServletRequest)]
2021-11-19 15:06:54 [main] INFO  o.a.coyote.http11.Http11NioProtocol - Starting ProtocolHandler ["http-nio-10088"]
2021-11-19 15:06:54 [main] INFO  s.d.s.w.p.DocumentationPluginsBootstrapper - Context refreshed
2021-11-19 15:06:54 [main] INFO  s.d.s.w.p.DocumentationPluginsBootstrapper - Found 1 custom documentation plugin(s)
2021-11-19 15:06:54 [main] INFO  s.d.s.w.s.ApiListingReferenceScanner - Scanning for api listing references
2021-11-19 15:06:55 [main] INFO  c.y.m.MultiExportApplication - Started MultiExportApplication in 6.295 seconds (JVM running for 8.005)
2021-11-19 15:07:05 [http-nio-10088-exec-1] INFO  o.a.c.c.C.[Tomcat].[localhost].[/] - Initializing Spring DispatcherServlet 'dispatcherServlet'
2021-11-19 15:07:06 [http-nio-10088-exec-1] INFO  c.alibaba.druid.pool.DruidDataSource - {dataSource-1} inited
2021-11-19 15:11:12 [SpringApplicationShutdownHook] INFO  c.alibaba.druid.pool.DruidDataSource - {dataSource-1} closing ...
2021-11-19 15:11:12 [SpringApplicationShutdownHook] INFO  c.alibaba.druid.pool.DruidDataSource - {dataSource-1} closed
2021-11-19 15:11:26 [background-preinit] INFO  o.h.validator.internal.util.Version - HV000001: Hibernate Validator 6.2.0.Final
2021-11-19 15:11:26 [main] INFO  c.y.m.MultiExportApplication - Starting MultiExportApplication using Java 1.8.0_291 on YUBJ1701 with PID 3153592 (C:\Users\yubj17\Documents\szxc_backend-master-ab79073197d66758cd890c6e84ebaac1d0f6efe1\multi-export\target\classes started by yubj17 in C:\Users\yubj17\Documents\szxc_backend-master-ab79073197d66758cd890c6e84ebaac1d0f6efe1\multi-export)
2021-11-19 15:11:26 [main] INFO  c.y.m.MultiExportApplication - No active profile set, falling back to default profiles: default
2021-11-19 15:11:28 [main] INFO  o.a.coyote.http11.Http11NioProtocol - Initializing ProtocolHandler ["http-nio-10088"]
2021-11-19 15:11:28 [main] INFO  o.a.catalina.core.StandardService - Starting service [Tomcat]
2021-11-19 15:11:28 [main] INFO  o.a.catalina.core.StandardEngine - Starting Servlet engine: [Apache Tomcat/9.0.54]
2021-11-19 15:11:29 [main] INFO  o.a.c.c.C.[Tomcat].[localhost].[/] - Initializing Spring embedded WebApplicationContext
2021-11-19 15:11:30 [main] INFO  s.d.s.w.PropertySourcedRequestMappingHandlerMapping - Mapped URL path [/v2/api-docs] onto method [springfox.documentation.swagger2.web.Swagger2Controller#getDocumentation(String, HttpServletRequest)]
2021-11-19 15:11:31 [main] INFO  o.a.coyote.http11.Http11NioProtocol - Starting ProtocolHandler ["http-nio-10088"]
2021-11-19 15:11:31 [main] INFO  s.d.s.w.p.DocumentationPluginsBootstrapper - Context refreshed
2021-11-19 15:11:31 [main] INFO  s.d.s.w.p.DocumentationPluginsBootstrapper - Found 1 custom documentation plugin(s)
2021-11-19 15:11:31 [main] INFO  s.d.s.w.s.ApiListingReferenceScanner - Scanning for api listing references
2021-11-19 15:11:31 [main] INFO  c.y.m.MultiExportApplication - Started MultiExportApplication in 6.443 seconds (JVM running for 8.383)
2021-11-19 15:11:46 [http-nio-10088-exec-1] INFO  o.a.c.c.C.[Tomcat].[localhost].[/] - Initializing Spring DispatcherServlet 'dispatcherServlet'
2021-11-19 15:11:46 [http-nio-10088-exec-1] INFO  c.alibaba.druid.pool.DruidDataSource - {dataSource-1} inited
2021-11-19 15:29:49 [SpringApplicationShutdownHook] INFO  c.alibaba.druid.pool.DruidDataSource - {dataSource-1} closing ...
2021-11-19 15:29:49 [SpringApplicationShutdownHook] INFO  c.alibaba.druid.pool.DruidDataSource - {dataSource-1} closed
2021-11-19 15:30:08 [background-preinit] INFO  o.h.validator.internal.util.Version - HV000001: Hibernate Validator 6.2.0.Final
2021-11-19 15:30:08 [main] INFO  c.y.m.MultiExportApplication - Starting MultiExportApplication using Java 1.8.0_291 on YUBJ1701 with PID 3184152 (C:\Users\yubj17\Documents\szxc_backend-master-ab79073197d66758cd890c6e84ebaac1d0f6efe1\multi-export\target\classes started by yubj17 in C:\Users\yubj17\Documents\szxc_backend-master-ab79073197d66758cd890c6e84ebaac1d0f6efe1\multi-export)
2021-11-19 15:30:08 [main] INFO  c.y.m.MultiExportApplication - No active profile set, falling back to default profiles: default
2021-11-19 15:30:11 [main] INFO  o.a.coyote.http11.Http11NioProtocol - Initializing ProtocolHandler ["http-nio-10088"]
2021-11-19 15:30:11 [main] INFO  o.a.catalina.core.StandardService - Starting service [Tomcat]
2021-11-19 15:30:11 [main] INFO  o.a.catalina.core.StandardEngine - Starting Servlet engine: [Apache Tomcat/9.0.54]
2021-11-19 15:30:11 [main] INFO  o.a.c.c.C.[Tomcat].[localhost].[/] - Initializing Spring embedded WebApplicationContext
2021-11-19 15:30:14 [main] INFO  s.d.s.w.PropertySourcedRequestMappingHandlerMapping - Mapped URL path [/v2/api-docs] onto method [springfox.documentation.swagger2.web.Swagger2Controller#getDocumentation(String, HttpServletRequest)]
2021-11-19 15:30:14 [main] INFO  o.a.coyote.http11.Http11NioProtocol - Starting ProtocolHandler ["http-nio-10088"]
2021-11-19 15:30:14 [main] INFO  s.d.s.w.p.DocumentationPluginsBootstrapper - Context refreshed
2021-11-19 15:30:14 [main] INFO  s.d.s.w.p.DocumentationPluginsBootstrapper - Found 1 custom documentation plugin(s)
2021-11-19 15:30:14 [main] INFO  s.d.s.w.s.ApiListingReferenceScanner - Scanning for api listing references
2021-11-19 15:30:15 [main] INFO  c.y.m.MultiExportApplication - Started MultiExportApplication in 8.495 seconds (JVM running for 10.643)
2021-11-19 15:30:28 [http-nio-10088-exec-1] INFO  o.a.c.c.C.[Tomcat].[localhost].[/] - Initializing Spring DispatcherServlet 'dispatcherServlet'
2021-11-19 15:30:28 [http-nio-10088-exec-1] INFO  c.alibaba.druid.pool.DruidDataSource - {dataSource-1} inited
2021-11-19 15:53:58 [SpringApplicationShutdownHook] INFO  c.alibaba.druid.pool.DruidDataSource - {dataSource-1} closing ...
2021-11-19 15:53:58 [SpringApplicationShutdownHook] INFO  c.alibaba.druid.pool.DruidDataSource - {dataSource-1} closed
2021-11-19 22:48:52 [background-preinit] INFO  o.h.validator.internal.util.Version - HV000001: Hibernate Validator 6.2.0.Final
2021-11-19 22:48:52 [main] INFO  c.y.m.MultiExportApplication - Starting MultiExportApplication using Java 1.8.0_291 on YUBJ1701 with PID 3678672 (C:\Users\yubj17\Documents\szxc_backend-master-ab79073197d66758cd890c6e84ebaac1d0f6efe1\multi-export\target\classes started by yubj17 in C:\Users\yubj17\Documents\szxc_backend-master-ab79073197d66758cd890c6e84ebaac1d0f6efe1\multi-export)
2021-11-19 22:48:52 [main] INFO  c.y.m.MultiExportApplication - No active profile set, falling back to default profiles: default
2021-11-19 22:48:55 [main] INFO  o.a.coyote.http11.Http11NioProtocol - Initializing ProtocolHandler ["http-nio-10088"]
2021-11-19 22:48:55 [main] INFO  o.a.catalina.core.StandardService - Starting service [Tomcat]
2021-11-19 22:48:55 [main] INFO  o.a.catalina.core.StandardEngine - Starting Servlet engine: [Apache Tomcat/9.0.54]
2021-11-19 22:48:55 [main] INFO  o.a.c.c.C.[Tomcat].[localhost].[/] - Initializing Spring embedded WebApplicationContext
2021-11-19 22:48:57 [main] INFO  s.d.s.w.PropertySourcedRequestMappingHandlerMapping - Mapped URL path [/v2/api-docs] onto method [springfox.documentation.swagger2.web.Swagger2Controller#getDocumentation(String, HttpServletRequest)]
2021-11-19 22:48:57 [main] INFO  o.a.coyote.http11.Http11NioProtocol - Starting ProtocolHandler ["http-nio-10088"]
2021-11-19 22:48:57 [main] INFO  s.d.s.w.p.DocumentationPluginsBootstrapper - Context refreshed
2021-11-19 22:48:57 [main] INFO  s.d.s.w.p.DocumentationPluginsBootstrapper - Found 1 custom documentation plugin(s)
2021-11-19 22:48:57 [main] INFO  s.d.s.w.s.ApiListingReferenceScanner - Scanning for api listing references
2021-11-19 22:48:58 [main] INFO  c.y.m.MultiExportApplication - Started MultiExportApplication in 6.303 seconds (JVM running for 7.905)
2021-11-19 22:51:57 [http-nio-10088-exec-2] INFO  o.a.c.c.C.[Tomcat].[localhost].[/] - Initializing Spring DispatcherServlet 'dispatcherServlet'
2021-11-19 22:52:08 [http-nio-10088-exec-3] INFO  c.alibaba.druid.pool.DruidDataSource - {dataSource-1} inited
2021-11-19 22:59:13 [SpringApplicationShutdownHook] INFO  c.alibaba.druid.pool.DruidDataSource - {dataSource-1} closing ...
2021-11-19 22:59:13 [SpringApplicationShutdownHook] INFO  c.alibaba.druid.pool.DruidDataSource - {dataSource-1} closed
2021-11-19 22:59:28 [background-preinit] INFO  o.h.validator.internal.util.Version - HV000001: Hibernate Validator 6.2.0.Final
2021-11-19 22:59:28 [main] INFO  c.y.m.MultiExportApplication - Starting MultiExportApplication using Java 1.8.0_291 on YUBJ1701 with PID 3774104 (C:\Users\yubj17\Documents\szxc_backend-master-ab79073197d66758cd890c6e84ebaac1d0f6efe1\multi-export\target\classes started by yubj17 in C:\Users\yubj17\Documents\szxc_backend-master-ab79073197d66758cd890c6e84ebaac1d0f6efe1\multi-export)
2021-11-19 22:59:28 [main] INFO  c.y.m.MultiExportApplication - No active profile set, falling back to default profiles: default
2021-11-19 22:59:30 [main] INFO  o.a.coyote.http11.Http11NioProtocol - Initializing ProtocolHandler ["http-nio-10088"]
2021-11-19 22:59:30 [main] INFO  o.a.catalina.core.StandardService - Starting service [Tomcat]
2021-11-19 22:59:30 [main] INFO  o.a.catalina.core.StandardEngine - Starting Servlet engine: [Apache Tomcat/9.0.54]
2021-11-19 22:59:31 [main] INFO  o.a.c.c.C.[Tomcat].[localhost].[/] - Initializing Spring embedded WebApplicationContext
2021-11-19 22:59:32 [main] INFO  s.d.s.w.PropertySourcedRequestMappingHandlerMapping - Mapped URL path [/v2/api-docs] onto method [springfox.documentation.swagger2.web.Swagger2Controller#getDocumentation(String, HttpServletRequest)]
2021-11-19 22:59:33 [main] INFO  o.a.coyote.http11.Http11NioProtocol - Starting ProtocolHandler ["http-nio-10088"]
2021-11-19 22:59:33 [main] INFO  s.d.s.w.p.DocumentationPluginsBootstrapper - Context refreshed
2021-11-19 22:59:33 [main] INFO  s.d.s.w.p.DocumentationPluginsBootstrapper - Found 1 custom documentation plugin(s)
2021-11-19 22:59:33 [main] INFO  s.d.s.w.s.ApiListingReferenceScanner - Scanning for api listing references
2021-11-19 22:59:33 [main] INFO  c.y.m.MultiExportApplication - Started MultiExportApplication in 6.053 seconds (JVM running for 7.578)
2021-11-19 23:00:00 [http-nio-10088-exec-1] INFO  o.a.c.c.C.[Tomcat].[localhost].[/] - Initializing Spring DispatcherServlet 'dispatcherServlet'
2021-11-19 23:00:00 [http-nio-10088-exec-1] INFO  c.alibaba.druid.pool.DruidDataSource - {dataSource-1} inited
2021-11-19 23:06:17 [SpringApplicationShutdownHook] INFO  c.alibaba.druid.pool.DruidDataSource - {dataSource-1} closing ...
2021-11-19 23:06:17 [SpringApplicationShutdownHook] INFO  c.alibaba.druid.pool.DruidDataSource - {dataSource-1} closed
2021-11-19 23:06:29 [background-preinit] INFO  o.h.validator.internal.util.Version - HV000001: Hibernate Validator 6.2.0.Final
2021-11-19 23:06:29 [main] INFO  c.y.m.MultiExportApplication - Starting MultiExportApplication using Java 1.8.0_291 on YUBJ1701 with PID 3790264 (C:\Users\yubj17\Documents\szxc_backend-master-ab79073197d66758cd890c6e84ebaac1d0f6efe1\multi-export\target\classes started by yubj17 in C:\Users\yubj17\Documents\szxc_backend-master-ab79073197d66758cd890c6e84ebaac1d0f6efe1\multi-export)
2021-11-19 23:06:29 [main] INFO  c.y.m.MultiExportApplication - No active profile set, falling back to default profiles: default
2021-11-19 23:06:32 [main] INFO  o.a.coyote.http11.Http11NioProtocol - Initializing ProtocolHandler ["http-nio-10088"]
2021-11-19 23:06:32 [main] INFO  o.a.catalina.core.StandardService - Starting service [Tomcat]
2021-11-19 23:06:32 [main] INFO  o.a.catalina.core.StandardEngine - Starting Servlet engine: [Apache Tomcat/9.0.54]
2021-11-19 23:06:32 [main] INFO  o.a.c.c.C.[Tomcat].[localhost].[/] - Initializing Spring embedded WebApplicationContext
2021-11-19 23:06:34 [main] INFO  s.d.s.w.PropertySourcedRequestMappingHandlerMapping - Mapped URL path [/v2/api-docs] onto method [springfox.documentation.swagger2.web.Swagger2Controller#getDocumentation(String, HttpServletRequest)]
2021-11-19 23:06:34 [main] INFO  o.a.coyote.http11.Http11NioProtocol - Starting ProtocolHandler ["http-nio-10088"]
2021-11-19 23:06:34 [main] INFO  s.d.s.w.p.DocumentationPluginsBootstrapper - Context refreshed
2021-11-19 23:06:34 [main] INFO  s.d.s.w.p.DocumentationPluginsBootstrapper - Found 1 custom documentation plugin(s)
2021-11-19 23:06:34 [main] INFO  s.d.s.w.s.ApiListingReferenceScanner - Scanning for api listing references
2021-11-19 23:06:34 [main] INFO  c.y.m.MultiExportApplication - Started MultiExportApplication in 5.895 seconds (JVM running for 7.395)
2021-11-19 23:10:13 [http-nio-10088-exec-1] INFO  o.a.c.c.C.[Tomcat].[localhost].[/] - Initializing Spring DispatcherServlet 'dispatcherServlet'
2021-11-19 23:10:14 [http-nio-10088-exec-1] INFO  c.alibaba.druid.pool.DruidDataSource - {dataSource-1} inited
2021-11-19 23:12:29 [SpringApplicationShutdownHook] INFO  c.alibaba.druid.pool.DruidDataSource - {dataSource-1} closing ...
2021-11-19 23:12:29 [SpringApplicationShutdownHook] INFO  c.alibaba.druid.pool.DruidDataSource - {dataSource-1} closed
2021-11-19 23:12:39 [background-preinit] INFO  o.h.validator.internal.util.Version - HV000001: Hibernate Validator 6.2.0.Final
2021-11-19 23:12:39 [main] INFO  c.y.m.MultiExportApplication - Starting MultiExportApplication using Java 1.8.0_291 on YUBJ1701 with PID 3798272 (C:\Users\yubj17\Documents\szxc_backend-master-ab79073197d66758cd890c6e84ebaac1d0f6efe1\multi-export\target\classes started by yubj17 in C:\Users\yubj17\Documents\szxc_backend-master-ab79073197d66758cd890c6e84ebaac1d0f6efe1\multi-export)
2021-11-19 23:12:39 [main] INFO  c.y.m.MultiExportApplication - No active profile set, falling back to default profiles: default
2021-11-19 23:12:42 [main] INFO  o.a.coyote.http11.Http11NioProtocol - Initializing ProtocolHandler ["http-nio-10088"]
2021-11-19 23:12:42 [main] INFO  o.a.catalina.core.StandardService - Starting service [Tomcat]
2021-11-19 23:12:42 [main] INFO  o.a.catalina.core.StandardEngine - Starting Servlet engine: [Apache Tomcat/9.0.54]
2021-11-19 23:12:42 [main] INFO  o.a.c.c.C.[Tomcat].[localhost].[/] - Initializing Spring embedded WebApplicationContext
2021-11-19 23:12:43 [main] INFO  s.d.s.w.PropertySourcedRequestMappingHandlerMapping - Mapped URL path [/v2/api-docs] onto method [springfox.documentation.swagger2.web.Swagger2Controller#getDocumentation(String, HttpServletRequest)]
2021-11-19 23:12:44 [main] INFO  o.a.coyote.http11.Http11NioProtocol - Starting ProtocolHandler ["http-nio-10088"]
2021-11-19 23:12:44 [main] INFO  s.d.s.w.p.DocumentationPluginsBootstrapper - Context refreshed
2021-11-19 23:12:44 [main] INFO  s.d.s.w.p.DocumentationPluginsBootstrapper - Found 1 custom documentation plugin(s)
2021-11-19 23:12:44 [main] INFO  s.d.s.w.s.ApiListingReferenceScanner - Scanning for api listing references
2021-11-19 23:12:44 [main] INFO  c.y.m.MultiExportApplication - Started MultiExportApplication in 5.592 seconds (JVM running for 7.038)
2021-11-19 23:12:53 [http-nio-10088-exec-1] INFO  o.a.c.c.C.[Tomcat].[localhost].[/] - Initializing Spring DispatcherServlet 'dispatcherServlet'
2021-11-19 23:12:54 [http-nio-10088-exec-1] INFO  c.alibaba.druid.pool.DruidDataSource - {dataSource-1} inited
2021-11-19 23:14:21 [SpringApplicationShutdownHook] INFO  c.alibaba.druid.pool.DruidDataSource - {dataSource-1} closing ...
2021-11-19 23:14:21 [SpringApplicationShutdownHook] INFO  c.alibaba.druid.pool.DruidDataSource - {dataSource-1} closed
2021-11-19 23:14:33 [background-preinit] INFO  o.h.validator.internal.util.Version - HV000001: Hibernate Validator 6.2.0.Final
2021-11-19 23:14:33 [main] INFO  c.y.m.MultiExportApplication - Starting MultiExportApplication using Java 1.8.0_291 on YUBJ1701 with PID 3801744 (C:\Users\yubj17\Documents\szxc_backend-master-ab79073197d66758cd890c6e84ebaac1d0f6efe1\multi-export\target\classes started by yubj17 in C:\Users\yubj17\Documents\szxc_backend-master-ab79073197d66758cd890c6e84ebaac1d0f6efe1\multi-export)
2021-11-19 23:14:33 [main] INFO  c.y.m.MultiExportApplication - No active profile set, falling back to default profiles: default
2021-11-19 23:14:35 [main] INFO  o.a.coyote.http11.Http11NioProtocol - Initializing ProtocolHandler ["http-nio-10088"]
2021-11-19 23:14:35 [main] INFO  o.a.catalina.core.StandardService - Starting service [Tomcat]
2021-11-19 23:14:35 [main] INFO  o.a.catalina.core.StandardEngine - Starting Servlet engine: [Apache Tomcat/9.0.54]
2021-11-19 23:14:35 [main] INFO  o.a.c.c.C.[Tomcat].[localhost].[/] - Initializing Spring embedded WebApplicationContext
2021-11-19 23:14:37 [main] INFO  s.d.s.w.PropertySourcedRequestMappingHandlerMapping - Mapped URL path [/v2/api-docs] onto method [springfox.documentation.swagger2.web.Swagger2Controller#getDocumentation(String, HttpServletRequest)]
2021-11-19 23:14:37 [main] INFO  o.a.coyote.http11.Http11NioProtocol - Starting ProtocolHandler ["http-nio-10088"]
2021-11-19 23:14:37 [main] INFO  s.d.s.w.p.DocumentationPluginsBootstrapper - Context refreshed
2021-11-19 23:14:37 [main] INFO  s.d.s.w.p.DocumentationPluginsBootstrapper - Found 1 custom documentation plugin(s)
2021-11-19 23:14:38 [main] INFO  s.d.s.w.s.ApiListingReferenceScanner - Scanning for api listing references
2021-11-19 23:14:38 [main] INFO  c.y.m.MultiExportApplication - Started MultiExportApplication in 5.604 seconds (JVM running for 7.015)
2021-11-19 23:15:00 [http-nio-10088-exec-1] INFO  o.a.c.c.C.[Tomcat].[localhost].[/] - Initializing Spring DispatcherServlet 'dispatcherServlet'
2021-11-19 23:15:00 [http-nio-10088-exec-1] INFO  c.alibaba.druid.pool.DruidDataSource - {dataSource-1} inited
2021-11-19 23:40:34 [SpringApplicationShutdownHook] INFO  c.alibaba.druid.pool.DruidDataSource - {dataSource-1} closing ...
2021-11-19 23:40:34 [SpringApplicationShutdownHook] INFO  c.alibaba.druid.pool.DruidDataSource - {dataSource-1} closed
2021-11-19 23:40:46 [background-preinit] INFO  o.h.validator.internal.util.Version - HV000001: Hibernate Validator 6.2.0.Final
2021-11-19 23:40:46 [main] INFO  c.y.m.MultiExportApplication - Starting MultiExportApplication using Java 1.8.0_291 on YUBJ1701 with PID 3836188 (C:\Users\yubj17\Documents\szxc_backend-master-ab79073197d66758cd890c6e84ebaac1d0f6efe1\multi-export\target\classes started by yubj17 in C:\Users\yubj17\Documents\szxc_backend-master-ab79073197d66758cd890c6e84ebaac1d0f6efe1\multi-export)
2021-11-19 23:40:46 [main] INFO  c.y.m.MultiExportApplication - No active profile set, falling back to default profiles: default
2021-11-19 23:40:48 [main] INFO  o.a.coyote.http11.Http11NioProtocol - Initializing ProtocolHandler ["http-nio-10088"]
2021-11-19 23:40:48 [main] INFO  o.a.catalina.core.StandardService - Starting service [Tomcat]
2021-11-19 23:40:48 [main] INFO  o.a.catalina.core.StandardEngine - Starting Servlet engine: [Apache Tomcat/9.0.54]
2021-11-19 23:40:48 [main] INFO  o.a.c.c.C.[Tomcat].[localhost].[/] - Initializing Spring embedded WebApplicationContext
2021-11-19 23:40:50 [main] INFO  s.d.s.w.PropertySourcedRequestMappingHandlerMapping - Mapped URL path [/v2/api-docs] onto method [springfox.documentation.swagger2.web.Swagger2Controller#getDocumentation(String, HttpServletRequest)]
2021-11-19 23:40:51 [main] INFO  o.a.coyote.http11.Http11NioProtocol - Starting ProtocolHandler ["http-nio-10088"]
2021-11-19 23:40:51 [main] INFO  s.d.s.w.p.DocumentationPluginsBootstrapper - Context refreshed
2021-11-19 23:40:51 [main] INFO  s.d.s.w.p.DocumentationPluginsBootstrapper - Found 1 custom documentation plugin(s)
2021-11-19 23:40:51 [main] INFO  s.d.s.w.s.ApiListingReferenceScanner - Scanning for api listing references
2021-11-19 23:40:51 [main] INFO  c.y.m.MultiExportApplication - Started MultiExportApplication in 5.748 seconds (JVM running for 7.251)
